{"level":"info","message":"server runnig success fully","service":"user-service"}
{"level":"info","message":"server runnig success fully","service":"user-service"}
{"level":"info","message":"server runnig success fully","service":"user-service"}
{"level":"info","message":"MongoDB connected","service":"user-service"}
{"level":"info","message":"server runnig success fully","service":"user-service"}
{"level":"info","message":"server runnig success fully","service":"user-service"}
{"level":"info","message":"MongoDB connected","service":"user-service"}
{"level":"info","message":"server runnig success fully","service":"user-service"}
{"level":"info","message":"MongoDB connected","service":"user-service"}
{"level":"info","message":"server runnig success fully","service":"user-service"}
{"level":"info","message":"server runnig success fully","service":"user-service"}
{"level":"info","message":"Redis Connected","service":"user-service"}
{"level":"info","message":"MongoDB connected","service":"user-service"}
[2025-10-17 16:56:58] [32minfo[39m: server runnig success fully
[2025-10-17 16:56:58] [32minfo[39m: Redis Connected
[2025-10-17 16:57:21] [32minfo[39m: MongoDB connected
[2025-10-17 16:58:31] [32minfo[39m: server runnig success fully
[2025-10-17 16:58:31] [32minfo[39m: Redis Connected
[2025-10-17 16:58:33] [32minfo[39m: MongoDB connected
[2025-10-17 17:04:13] [32minfo[39m: server runnig success fully
[2025-10-17 17:04:13] [32minfo[39m: Redis Connected
[2025-10-17 17:04:15] [32minfo[39m: MongoDB connected
[2025-10-17 18:28:22] [32minfo[39m: server runnig success fully
[2025-10-17 18:28:22] [32minfo[39m: Redis Connected
[2025-10-17 18:28:23] [32minfo[39m: MongoDB connected
[2025-10-17 18:28:35] [32minfo[39m: server runnig success fully
[2025-10-17 18:28:35] [32minfo[39m: Redis Connected
[2025-10-17 18:28:35] [32minfo[39m: MongoDB connected
[2025-10-17 18:28:45] [32minfo[39m: server runnig success fully
[2025-10-17 18:28:45] [32minfo[39m: Redis Connected
[2025-10-17 18:28:45] [32minfo[39m: MongoDB connected
[2025-10-17 18:29:07] [32minfo[39m: server runnig success fully
[2025-10-17 18:29:07] [32minfo[39m: Redis Connected
[2025-10-17 18:29:07] [32minfo[39m: MongoDB connected
[2025-10-17 19:09:23] [32minfo[39m: server runnig success fully
[2025-10-17 19:09:23] [32minfo[39m: Redis Connected
[2025-10-17 19:09:23] [32minfo[39m: MongoDB connected
[2025-10-17 19:09:32] [32minfo[39m: server runnig success fully
[2025-10-17 19:09:32] [32minfo[39m: Redis Connected
[2025-10-17 19:09:33] [32minfo[39m: MongoDB connected
[2025-10-17 19:09:42] [32minfo[39m: server runnig success fully
[2025-10-17 19:09:43] [32minfo[39m: Redis Connected
[2025-10-17 19:09:45] [32minfo[39m: MongoDB connected
[2025-10-17 20:25:22] [32minfo[39m: server runnig success fully
[2025-10-17 20:25:22] [32minfo[39m: MongoDB connected
[2025-10-17 20:25:23] [32minfo[39m: Redis Connected
[2025-10-17 20:26:03] [32minfo[39m: server runnig success fully
[2025-10-17 20:26:03] [32minfo[39m: Redis Connected
[2025-10-17 20:26:03] [32minfo[39m: MongoDB connected
[2025-10-17 20:26:08] [32minfo[39m: server runnig success fully
[2025-10-17 20:26:08] [32minfo[39m: Redis Connected
[2025-10-17 20:26:09] [32minfo[39m: MongoDB connected
[2025-10-17 20:29:12] [32minfo[39m: server runnig success fully
[2025-10-17 20:29:12] [32minfo[39m: Redis Connected
[2025-10-17 20:29:13] [32minfo[39m: MongoDB connected
[2025-10-17 20:30:02] [32minfo[39m: server runnig success fully
[2025-10-17 20:30:03] [32minfo[39m: MongoDB connected
[2025-10-17 20:30:03] [32minfo[39m: Redis Connected
[2025-10-17 20:32:00] [32minfo[39m: server runnig success fully
[2025-10-17 20:32:00] [32minfo[39m: Redis Connected
[2025-10-17 20:32:01] [32minfo[39m: MongoDB connected
[2025-10-17 20:32:20] [32minfo[39m: server runnig success fully
[2025-10-17 20:32:21] [32minfo[39m: Redis Connected
[2025-10-17 20:32:21] [32minfo[39m: MongoDB connected
[2025-10-17 20:32:47] [32minfo[39m: server runnig success fully
[2025-10-17 20:32:47] [32minfo[39m: Redis Connected
[2025-10-17 20:32:48] [32minfo[39m: MongoDB connected
[2025-10-17 20:33:54] [32minfo[39m: server runnig success fully
[2025-10-17 20:33:55] [32minfo[39m: Redis Connected
[2025-10-17 20:33:55] [32minfo[39m: MongoDB connected
[2025-10-17 20:35:31] [32minfo[39m: server runnig success fully
[2025-10-17 20:35:32] [32minfo[39m: Redis Connected
[2025-10-17 20:35:32] [32minfo[39m: MongoDB connected
[2025-10-17 20:35:41] [32minfo[39m: server runnig success fully
[2025-10-17 20:35:41] [32minfo[39m: Redis Connected
[2025-10-17 20:35:44] [32minfo[39m: MongoDB connected
[2025-10-17 20:36:03] [32minfo[39m: server runnig success fully
[2025-10-17 20:36:03] [32minfo[39m: Redis Connected
[2025-10-17 20:36:04] [32minfo[39m: MongoDB connected
[2025-10-17 20:36:14] [32minfo[39m: server runnig success fully
[2025-10-17 20:36:14] [32minfo[39m: Redis Connected
[2025-10-17 20:36:15] [32minfo[39m: MongoDB connected
[2025-10-17 20:36:22] [32minfo[39m: server runnig success fully
[2025-10-17 20:36:22] [32minfo[39m: Redis Connected
[2025-10-17 20:36:23] [32minfo[39m: MongoDB connected
[2025-10-17 20:36:37] [32minfo[39m: server runnig success fully
[2025-10-17 20:36:38] [32minfo[39m: Redis Connected
[2025-10-17 20:36:38] [32minfo[39m: MongoDB connected
[2025-10-17 20:37:32] [32minfo[39m: server runnig success fully
[2025-10-17 20:37:33] [32minfo[39m: MongoDB connected
[2025-10-17 20:37:33] [32minfo[39m: Redis Connected
[2025-10-17 20:37:56] [32minfo[39m: server runnig success fully
[2025-10-17 20:37:59] [32minfo[39m: MongoDB connected
[2025-10-17 20:37:59] [32minfo[39m: Redis Connected
[2025-10-17 20:38:16] [32minfo[39m: server runnig success fully
[2025-10-17 20:38:17] [32minfo[39m: Redis Connected
[2025-10-17 20:38:17] [32minfo[39m: MongoDB connected
[2025-10-17 20:38:39] [32minfo[39m: server runnig success fully
[2025-10-17 20:38:39] [32minfo[39m: Redis Connected
[2025-10-17 20:38:40] [32minfo[39m: MongoDB connected
[2025-10-17 20:44:04] [32minfo[39m: server runnig success fully
[2025-10-17 20:44:04] [32minfo[39m: Redis Connected
[2025-10-17 20:44:05] [32minfo[39m: MongoDB connected
[2025-10-17 23:20:18] [32minfo[39m: server runnig success fully
[2025-10-17 23:20:19] [32minfo[39m: Redis Connected
[2025-10-17 23:20:20] [32minfo[39m: MongoDB connected
[2025-10-18 00:34:27] [32minfo[39m: server runnig success fully
[2025-10-18 00:34:27] [32minfo[39m: Redis Connected
[2025-10-18 00:34:28] [32minfo[39m: MongoDB connected
[2025-10-18 00:35:43] [32minfo[39m: server runnig success fully
[2025-10-18 00:35:43] [32minfo[39m: Redis Connected
[2025-10-18 00:35:44] [32minfo[39m: MongoDB connected
[2025-10-18 00:43:33] [32minfo[39m: server running success fully
[2025-10-18 00:43:33] [32minfo[39m: Redis Connected
[2025-10-18 00:43:33] [32minfo[39m: MongoDB connected
[2025-10-18 00:44:28] [32minfo[39m: server running success fully
[2025-10-18 00:44:28] [32minfo[39m: Redis Connected
[2025-10-18 00:44:29] [32minfo[39m: MongoDB connected
[2025-10-18 00:44:36] [32minfo[39m: server running success fully
[2025-10-18 00:44:36] [32minfo[39m: Redis Connected
[2025-10-18 00:44:37] [32minfo[39m: MongoDB connected
[2025-10-18 00:44:54] [32minfo[39m: server running success fully
[2025-10-18 00:44:54] [32minfo[39m: Redis Connected
[2025-10-18 00:44:54] [32minfo[39m: MongoDB connected
[2025-10-18 00:45:01] [32minfo[39m: server running success fully
[2025-10-18 00:45:02] [32minfo[39m: Redis Connected
[2025-10-18 00:45:03] [32minfo[39m: MongoDB connected
[2025-10-18 00:45:10] [32minfo[39m: server running success fully
[2025-10-18 00:45:10] [32minfo[39m: Redis Connected
[2025-10-18 00:45:11] [32minfo[39m: MongoDB connected
[2025-10-18 01:24:33] [32minfo[39m: server running success fully
[2025-10-18 01:24:34] [32minfo[39m: Redis Connected
[2025-10-18 01:24:34] [32minfo[39m: MongoDB connected
[2025-10-18 01:25:01] [32minfo[39m: server running success fully
[2025-10-18 01:25:01] [32minfo[39m: Redis Connected
[2025-10-18 01:25:02] [32minfo[39m: MongoDB connected
[2025-10-18 01:25:34] [32minfo[39m: server running success fully
[2025-10-18 01:25:34] [32minfo[39m: Redis Connected
[2025-10-18 01:25:34] [32minfo[39m: MongoDB connected
[2025-10-18 01:26:01] [32minfo[39m: server running success fully
[2025-10-18 01:26:02] [32minfo[39m: MongoDB connected
[2025-10-18 01:26:02] [32minfo[39m: Redis Connected
[2025-10-18 01:26:12] [32minfo[39m: server running success fully
[2025-10-18 01:26:13] [32minfo[39m: MongoDB connected
[2025-10-18 01:26:15] [32minfo[39m: Redis Connected
[2025-10-18 01:26:22] [32minfo[39m: server running success fully
[2025-10-18 01:26:23] [32minfo[39m: MongoDB connected
[2025-10-18 01:26:23] [32minfo[39m: Redis Connected
[2025-10-18 01:26:31] [32minfo[39m: server running success fully
[2025-10-18 01:26:36] [32minfo[39m: server running success fully
[2025-10-18 01:26:36] [32minfo[39m: Redis Connected
[2025-10-18 01:26:36] [32minfo[39m: MongoDB connected
[2025-10-18 01:27:45] [32minfo[39m: server running success fully
[2025-10-18 01:27:45] [32minfo[39m: Redis Connected
[2025-10-18 01:27:45] [32minfo[39m: MongoDB connected
[2025-10-18 01:27:50] [32minfo[39m: server running success fully
[2025-10-18 01:27:50] [32minfo[39m: Redis Connected
[2025-10-18 01:27:51] [32minfo[39m: MongoDB connected
[2025-10-20 11:41:44] [32minfo[39m: server running success fully
[2025-10-20 11:41:44] [32minfo[39m: Redis Connected
[2025-10-20 11:41:45] [32minfo[39m: MongoDB connected
[2025-10-20 11:57:55] [32minfo[39m: server running success fully
[2025-10-20 11:57:55] [32minfo[39m: Redis Connected
[2025-10-20 11:58:08] [32minfo[39m: server running success fully
[2025-10-20 11:58:08] [32minfo[39m: Redis Connected
[2025-10-20 11:58:08] [32minfo[39m: MongoDB connected
[2025-10-20 11:58:36] [32minfo[39m: server running success fully
[2025-10-20 11:58:37] [32minfo[39m: Redis Connected
[2025-10-20 11:58:41] [32minfo[39m: MongoDB connected
[2025-10-20 11:59:04] [32minfo[39m: server running success fully
[2025-10-20 11:59:05] [32minfo[39m: Redis Connected
[2025-10-20 11:59:07] [32minfo[39m: MongoDB connected
[2025-10-20 11:59:39] [32minfo[39m: server running success fully
[2025-10-20 11:59:40] [32minfo[39m: Redis Connected
[2025-10-20 11:59:40] [32minfo[39m: MongoDB connected
[2025-10-20 12:00:11] [32minfo[39m: server running success fully
[2025-10-20 12:00:11] [32minfo[39m: Redis Connected
[2025-10-20 12:00:12] [32minfo[39m: MongoDB connected
[2025-10-20 12:00:51] [32minfo[39m: server running success fully
[2025-10-20 12:00:52] [32minfo[39m: Redis Connected
[2025-10-20 12:00:53] [32minfo[39m: MongoDB connected
